<?xml version="1.0" encoding="UTF-8" ?>
<testsuites errors="1"
            failures="5"
            tests="3">

  <testsuite name="employee"
    errors="1" failures="5" hostname="" id="" package="employee" skipped="9"
    tests="3" time="41.64" timestamp="">
  
    <testcase name="should display bills list by default" classname="employee" time="0.1650" assertions="4">

    

    

      <failure message="Cannot read properties of undefined (reading &#39;results&#39;)">TypeError: Cannot read properties of undefined (reading &#39;results&#39;)
    at DescribeInstance.&lt;anonymous&gt; (file:///C:/Users/gabme/Documents/OC-React-CODE/P9-Test-et-debug/P9-CODE-Billed/bill-app/Billed-app-FR-Front/src/__tests-e2e-nightwatch__/employee.js:109:28)
    at new Promise (&lt;anonymous&gt;)</failure>

    
    </testcase>
  
    <testcase name="should open bill proof when clicking icon-eye" classname="employee" time="0.7150" assertions="3">

    

      <failure message="Cannot read properties of undefined (reading &#39;results&#39;)">TypeError: Cannot read properties of undefined (reading &#39;results&#39;)
    at DescribeInstance.&lt;anonymous&gt; (file:///C:/Users/gabme/Documents/OC-React-CODE/P9-Test-et-debug/P9-CODE-Billed/bill-app/Billed-app-FR-Front/src/__tests-e2e-nightwatch__/employee.js:109:28)
    at new Promise (&lt;anonymous&gt;)</failure>

    
    </testcase>
  
    <testcase name="should display new bill form" classname="employee" time="18.04" assertions="3">  <failure message="Timed out while waiting for element &lt;[data-testid=&#34;form-new-bill&#34;]&gt; to be present for 5000 milliseconds. - expected &#34;visible&#34; but got: &#34;not found&#34; (5165ms)">    at DescribeInstance.&lt;anonymous&gt; (file:///C:/Users/gabme/Documents/OC-React-CODE/P9-Test-et-debug/P9-CODE-Billed/bill-app/Billed-app-FR-Front/src/__tests-e2e-nightwatch__/employee.js:33:10)</failure>

      <failure message="Expense type dropdown is visible in 5000ms - expected &#34;is visible&#34; but got: &#34;element could not be located&#34; (5145ms)">    at DescribeInstance.&lt;anonymous&gt; (file:///C:/Users/gabme/Documents/OC-React-CODE/P9-Test-et-debug/P9-CODE-Billed/bill-app/Billed-app-FR-Front/src/__tests-e2e-nightwatch__/employee.js:34:17)</failure>

      <failure message="Cannot read properties of undefined (reading &#39;results&#39;)">TypeError: Cannot read properties of undefined (reading &#39;results&#39;)
    at DescribeInstance.&lt;anonymous&gt; (file:///C:/Users/gabme/Documents/OC-React-CODE/P9-Test-et-debug/P9-CODE-Billed/bill-app/Billed-app-FR-Front/src/__tests-e2e-nightwatch__/employee.js:109:28)
    at new Promise (&lt;anonymous&gt;)</failure>

    
    <error message="Cannot read properties of undefined (reading &#39;results&#39;)" type="error"><![CDATA[
    TypeError: Cannot read properties of undefined (reading &#39;results&#39;)
    at DescribeInstance.&lt;anonymous&gt; (file:///C:/Users/gabme/Documents/OC-React-CODE/P9-Test-et-debug/P9-CODE-Billed/bill-app/Billed-app-FR-Front/src/__tests-e2e-nightwatch__/employee.js:109:28)
    at Context.callAsync (C:\Users\gabme\Documents\OC-React-CODE\P9-Test-et-debug\P9-CODE-Billed\bill-app\Billed-app-FR-Front\node_modules\nightwatch\lib\testsuite\context.js:531:20)
    at Context.invokeMethod (C:\Users\gabme\Documents\OC-React-CODE\P9-Test-et-debug\P9-CODE-Billed\bill-app\Billed-app-FR-Front\node_modules\nightwatch\lib\testsuite\context.js:480:21)
    at C:\Users\gabme\Documents\OC-React-CODE\P9-Test-et-debug\P9-CODE-Billed\bill-app\Billed-app-FR-Front\node_modules\nightwatch\lib\testsuite\hooks\_basehook.js:88:49
    at new Promise (&lt;anonymous&gt;)
    at AfterEach.run (C:\Users\gabme\Documents\OC-React-CODE\P9-Test-et-debug\P9-CODE-Billed\bill-app\Billed-app-FR-Front\node_modules\nightwatch\lib\testsuite\hooks\_basehook.js:62:14)
    at Runnable.__runFn (C:\Users\gabme\Documents\OC-React-CODE\P9-Test-et-debug\P9-CODE-Billed\bill-app\Billed-app-FR-Front\node_modules\nightwatch\lib\testsuite\index.js:471:35)
    at Runnable.run (C:\Users\gabme\Documents\OC-React-CODE\P9-Test-et-debug\P9-CODE-Billed\bill-app\Billed-app-FR-Front\node_modules\nightwatch\lib\testsuite\runnable.js:126:21)
    at TestSuite.executeRunnable (C:\Users\gabme\Documents\OC-React-CODE\P9-Test-et-debug\P9-CODE-Billed\bill-app\Billed-app-FR-Front\node_modules\nightwatch\lib\testsuite\index.js:1000:49)
    at TestSuite.handleRunnable (C:\Users\gabme\Documents\OC-React-CODE\P9-Test-et-debug\P9-CODE-Billed\bill-app\Billed-app-FR-Front\node_modules\nightwatch\lib\testsuite\index.js:1015:33)
    ]]></error>
    
    </testcase>
  

  
    <system-err>
       TimeoutError
   An error occurred while running .click() command on &lt;[data-testid=&#34;btn-new-bill&#34;]&gt;: element click intercepted: Element &lt;button type=&#34;button&#34; data-testid=&#34;btn-new-bill&#34; class=&#34;btn btn-primary&#34;&gt;...&lt;/button&gt; is not clickable at point (908, 104). Other element would receive the click: &lt;div class=&#34;modal fade show&#34; id=&#34;modaleFile&#34; tabindex=&#34;-1&#34; role=&#34;dialog&#34; aria-labelledby=&#34;exampleModalCenterTitle&#34; style=&#34;padding-right: 17px; display: block;&#34;&gt;...&lt;/div&gt;
  (Session info: chrome=129.0.6668.100)
    {&#34;error&#34;:{&#34;name&#34;:&#34;ElementClickInterceptedError&#34;,&#34;remoteStacktrace&#34;:&#34;&#34;},&#34;status&#34;:-1,&#34;value&#34;:null}
    </system-err>
  

    

  
    
    <testcase
      name="should validate file upload format" classname="employee">
      <skipped />
    </testcase>
    
    <testcase
      name="should reject invalid file formats" classname="employee">
      <skipped />
    </testcase>
    
    <testcase
      name="should submit form with valid data" classname="employee">
      <skipped />
    </testcase>
    
    <testcase
      name="should require all mandatory fields" classname="employee">
      <skipped />
    </testcase>
    
    <testcase
      name="should highlight bills icon in vertical layout" classname="employee">
      <skipped />
    </testcase>
    
    <testcase
      name="should allow navigation between pages" classname="employee">
      <skipped />
    </testcase>
    
    <testcase
      name="should maintain session after page refresh" classname="employee">
      <skipped />
    </testcase>
    
    <testcase
      name="should handle file upload errors gracefully" classname="employee">
      <skipped />
    </testcase>
    
    <testcase
      name="should validate amount format" classname="employee">
      <skipped />
    </testcase>
    
  
  </testsuite>
</testsuites>
